<?xml version="1.0" encoding="UTF-8"?>
<testng-results ignored="0" total="1" passed="1" failed="0" skipped="0">
  <reporter-output>
  </reporter-output>
  <suite started-at="2022-02-02T18:38:20Z" name="Suite" finished-at="2022-02-02T18:39:55Z" duration-ms="94686">
    <groups>
    </groups>
    <test started-at="2022-02-02T18:38:20Z" name="Test" finished-at="2022-02-02T18:39:55Z" duration-ms="94686">
      <class name="seleniumCodingChallenge.SeleniumCodingChallenge3">
        <test-method signature="Selenium()[pri:0, instance:seleniumCodingChallenge.SeleniumCodingChallenge3@17d919b6]" started-at="2022-02-02T18:38:20Z" name="Selenium" finished-at="2022-02-02T18:39:55Z" duration-ms="94524" status="PASS">
          <reporter-output>
          </reporter-output>
        </test-method> <!-- Selenium -->
      </class> <!-- seleniumCodingChallenge.SeleniumCodingChallenge3 -->
    </test> <!-- Test -->
  </suite> <!-- Suite -->
</testng-results>
