<?xml version="1.0" encoding="UTF-8"?>
<testng-results ignored="0" total="1" passed="1"
	failed="0" skipped="0">
	<reporter-output>
	</reporter-output>
	<suite started-at="2022-02-02T17:38:31Z" name="Default suite"
		finished-at="2022-02-02T17:39:22Z" duration-ms="51603">
		<groups>
		</groups>
		<test started-at="2022-02-02T17:38:31Z" name="Default test"
			finished-at="2022-02-02T17:39:22Z" duration-ms="51603">
			<class name="seleniumCodingChallenge.SeleniumCodingChallenge3">
				<test-method
					signature="Selenium()[pri:0, instance:seleniumCodingChallenge.SeleniumCodingChallenge3@d278d2b]"
					started-at="2022-02-02T17:38:31Z" name="Selenium"
					finished-at="2022-02-02T17:39:22Z" duration-ms="51479"
					status="PASS">
					<reporter-output>
					</reporter-output>
				</test-method> <!-- Selenium -->
			</class> <!-- seleniumCodingChallenge.SeleniumCodingChallenge3 -->
		</test> <!-- Default test -->
	</suite> <!-- Default suite -->
</testng-results>
